<?xml version="1.0" encoding="UTF-8"?>
<!-- Generated by org.testng.reporters.JUnitReportReporter -->
<testsuite hostname="DESKTOP-77S3IPS" failures="0" tests="1" name="com.inetbanking.testcases.TC_AddCustomerTest_003" time="21.152" errors="0" timestamp="2021-05-05T21:58:01 IST" skipped="0">
  <testcase classname="com.inetbanking.testcases.TC_AddCustomerTest_003" name="AddNewCustomer" time="21.152"/>
  <system-out/>
</testsuite> <!-- com.inetbanking.testcases.TC_AddCustomerTest_003 -->
